Mensaje I / 00:00:00:000 / Root(00) para top(01)
Mensaje I / 00:00:00:000 / top(01) para pedestrianwalk(02)
Mensaje I / 00:00:00:000 / top(01) para persongenleft1(323)
Mensaje I / 00:00:00:000 / top(01) para persongenleft2(324)
Mensaje I / 00:00:00:000 / top(01) para persongenleft3(325)
Mensaje I / 00:00:00:000 / top(01) para persongenleft4(326)
Mensaje I / 00:00:00:000 / top(01) para persongenleft5(327)
Mensaje I / 00:00:00:000 / top(01) para persongenleft6(328)
Mensaje I / 00:00:00:000 / top(01) para persongenright1(329)
Mensaje I / 00:00:00:000 / top(01) para persongenright2(330)
Mensaje I / 00:00:00:000 / top(01) para persongenright3(331)
Mensaje I / 00:00:00:000 / top(01) para persongenright4(332)
Mensaje I / 00:00:00:000 / top(01) para persongenright5(333)
Mensaje I / 00:00:00:000 / top(01) para persongenright6(334)
Mensaje I / 00:00:00:000 / pedestrianwalk(02) para pedestrianwalk(0,0,0)(03)
Mensaje I / 00:00:00:000 / pedestrianwalk(02) para pedestrianwalk(0,0,1)(04)
Mensaje I / 00:00:00:000 / pedestrianwalk(02) para pedestrianwalk(0,1,0)(05)
Mensaje I / 00:00:00:000 / pedestrianwalk(02) para pedestrianwalk(0,1,1)(06)
Mensaje I / 00:00:00:000 / pedestrianwalk(02) para pedestrianwalk(0,2,0)(07)
Mensaje I / 00:00:00:000 / pedestrianwalk(02) para pedestrianwalk(0,2,1)(08)
Mensaje I / 00:00:00:000 / pedestrianwalk(02) para pedestrianwalk(0,3,0)(09)
Mensaje I / 00:00:00:000 / pedestrianwalk(02) para pedestrianwalk(0,3,1)(10)
Mensaje I / 00:00:00:000 / pedestrianwalk(02) para pedestrianwalk(0,4,0)(11)
Mensaje I / 00:00:00:000 / pedestrianwalk(02) para pedestrianwalk(0,4,1)(12)
Mensaje I / 00:00:00:000 / pedestrianwalk(02) para pedestrianwalk(0,5,0)(13)
Mensaje I / 00:00:00:000 / pedestrianwalk(02) para pedestrianwalk(0,5,1)(14)
Mensaje I / 00:00:00:000 / pedestrianwalk(02) para pedestrianwalk(0,6,0)(15)
Mensaje I / 00:00:00:000 / pedestrianwalk(02) para pedestrianwalk(0,6,1)(16)
Mensaje I / 00:00:00:000 / pedestrianwalk(02) para pedestrianwalk(0,7,0)(17)
Mensaje I / 00:00:00:000 / pedestrianwalk(02) para pedestrianwalk(0,7,1)(18)
Mensaje I / 00:00:00:000 / pedestrianwalk(02) para pedestrianwalk(0,8,0)(19)
Mensaje I / 00:00:00:000 / pedestrianwalk(02) para pedestrianwalk(0,8,1)(20)
Mensaje I / 00:00:00:000 / pedestrianwalk(02) para pedestrianwalk(0,9,0)(21)
Mensaje I / 00:00:00:000 / pedestrianwalk(02) para pedestrianwalk(0,9,1)(22)
Mensaje I / 00:00:00:000 / pedestrianwalk(02) para pedestrianwalk(0,10,0)(23)
Mensaje I / 00:00:00:000 / pedestrianwalk(02) para pedestrianwalk(0,10,1)(24)
Mensaje I / 00:00:00:000 / pedestrianwalk(02) para pedestrianwalk(0,11,0)(25)
Mensaje I / 00:00:00:000 / pedestrianwalk(02) para pedestrianwalk(0,11,1)(26)
Mensaje I / 00:00:00:000 / pedestrianwalk(02) para pedestrianwalk(0,12,0)(27)
Mensaje I / 00:00:00:000 / pedestrianwalk(02) para pedestrianwalk(0,12,1)(28)
Mensaje I / 00:00:00:000 / pedestrianwalk(02) para pedestrianwalk(0,13,0)(29)
Mensaje I / 00:00:00:000 / pedestrianwalk(02) para pedestrianwalk(0,13,1)(30)
Mensaje I / 00:00:00:000 / pedestrianwalk(02) para pedestrianwalk(0,14,0)(31)
Mensaje I / 00:00:00:000 / pedestrianwalk(02) para pedestrianwalk(0,14,1)(32)
Mensaje I / 00:00:00:000 / pedestrianwalk(02) para pedestrianwalk(0,15,0)(33)
Mensaje I / 00:00:00:000 / pedestrianwalk(02) para pedestrianwalk(0,15,1)(34)
Mensaje I / 00:00:00:000 / pedestrianwalk(02) para pedestrianwalk(0,16,0)(35)
Mensaje I / 00:00:00:000 / pedestrianwalk(02) para pedestrianwalk(0,16,1)(36)
Mensaje I / 00:00:00:000 / pedestrianwalk(02) para pedestrianwalk(0,17,0)(37)
Mensaje I / 00:00:00:000 / pedestrianwalk(02) para pedestrianwalk(0,17,1)(38)
Mensaje I / 00:00:00:000 / pedestrianwalk(02) para pedestrianwalk(0,18,0)(39)
Mensaje I / 00:00:00:000 / pedestrianwalk(02) para pedestrianwalk(0,18,1)(40)
Mensaje I / 00:00:00:000 / pedestrianwalk(02) para pedestrianwalk(0,19,0)(41)
Mensaje I / 00:00:00:000 / pedestrianwalk(02) para pedestrianwalk(0,19,1)(42)
Mensaje I / 00:00:00:000 / pedestrianwalk(02) para pedestrianwalk(1,0,0)(43)
Mensaje I / 00:00:00:000 / pedestrianwalk(02) para pedestrianwalk(1,0,1)(44)
Mensaje I / 00:00:00:000 / pedestrianwalk(02) para pedestrianwalk(1,1,0)(45)
Mensaje I / 00:00:00:000 / pedestrianwalk(02) para pedestrianwalk(1,1,1)(46)
Mensaje I / 00:00:00:000 / pedestrianwalk(02) para pedestrianwalk(1,2,0)(47)
Mensaje I / 00:00:00:000 / pedestrianwalk(02) para pedestrianwalk(1,2,1)(48)
Mensaje I / 00:00:00:000 / pedestrianwalk(02) para pedestrianwalk(1,3,0)(49)
Mensaje I / 00:00:00:000 / pedestrianwalk(02) para pedestrianwalk(1,3,1)(50)
Mensaje I / 00:00:00:000 / pedestrianwalk(02) para pedestrianwalk(1,4,0)(51)
Mensaje I / 00:00:00:000 / pedestrianwalk(02) para pedestrianwalk(1,4,1)(52)
Mensaje I / 00:00:00:000 / pedestrianwalk(02) para pedestrianwalk(1,5,0)(53)
Mensaje I / 00:00:00:000 / pedestrianwalk(02) para pedestrianwalk(1,5,1)(54)
Mensaje I / 00:00:00:000 / pedestrianwalk(02) para pedestrianwalk(1,6,0)(55)
Mensaje I / 00:00:00:000 / pedestrianwalk(02) para pedestrianwalk(1,6,1)(56)
Mensaje I / 00:00:00:000 / pedestrianwalk(02) para pedestrianwalk(1,7,0)(57)
Mensaje I / 00:00:00:000 / pedestrianwalk(02) para pedestrianwalk(1,7,1)(58)
Mensaje I / 00:00:00:000 / pedestrianwalk(02) para pedestrianwalk(1,8,0)(59)
Mensaje I / 00:00:00:000 / pedestrianwalk(02) para pedestrianwalk(1,8,1)(60)
Mensaje I / 00:00:00:000 / pedestrianwalk(02) para pedestrianwalk(1,9,0)(61)
Mensaje I / 00:00:00:000 / pedestrianwalk(02) para pedestrianwalk(1,9,1)(62)
Mensaje I / 00:00:00:000 / pedestrianwalk(02) para pedestrianwalk(1,10,0)(63)
Mensaje I / 00:00:00:000 / pedestrianwalk(02) para pedestrianwalk(1,10,1)(64)
Mensaje I / 00:00:00:000 / pedestrianwalk(02) para pedestrianwalk(1,11,0)(65)
Mensaje I / 00:00:00:000 / pedestrianwalk(02) para pedestrianwalk(1,11,1)(66)
Mensaje I / 00:00:00:000 / pedestrianwalk(02) para pedestrianwalk(1,12,0)(67)
Mensaje I / 00:00:00:000 / pedestrianwalk(02) para pedestrianwalk(1,12,1)(68)
Mensaje I / 00:00:00:000 / pedestrianwalk(02) para pedestrianwalk(1,13,0)(69)
Mensaje I / 00:00:00:000 / pedestrianwalk(02) para pedestrianwalk(1,13,1)(70)
Mensaje I / 00:00:00:000 / pedestrianwalk(02) para pedestrianwalk(1,14,0)(71)
Mensaje I / 00:00:00:000 / pedestrianwalk(02) para pedestrianwalk(1,14,1)(72)
Mensaje I / 00:00:00:000 / pedestrianwalk(02) para pedestrianwalk(1,15,0)(73)
Mensaje I / 00:00:00:000 / pedestrianwalk(02) para pedestrianwalk(1,15,1)(74)
Mensaje I / 00:00:00:000 / pedestrianwalk(02) para pedestrianwalk(1,16,0)(75)
Mensaje I / 00:00:00:000 / pedestrianwalk(02) para pedestrianwalk(1,16,1)(76)
Mensaje I / 00:00:00:000 / pedestrianwalk(02) para pedestrianwalk(1,17,0)(77)
Mensaje I / 00:00:00:000 / pedestrianwalk(02) para pedestrianwalk(1,17,1)(78)
Mensaje I / 00:00:00:000 / pedestrianwalk(02) para pedestrianwalk(1,18,0)(79)
Mensaje I / 00:00:00:000 / pedestrianwalk(02) para pedestrianwalk(1,18,1)(80)
Mensaje I / 00:00:00:000 / pedestrianwalk(02) para pedestrianwalk(1,19,0)(81)
Mensaje I / 00:00:00:000 / pedestrianwalk(02) para pedestrianwalk(1,19,1)(82)
Mensaje I / 00:00:00:000 / pedestrianwalk(02) para pedestrianwalk(2,0,0)(83)
Mensaje I / 00:00:00:000 / pedestrianwalk(02) para pedestrianwalk(2,0,1)(84)
Mensaje I / 00:00:00:000 / pedestrianwalk(02) para pedestrianwalk(2,1,0)(85)
Mensaje I / 00:00:00:000 / pedestrianwalk(02) para pedestrianwalk(2,1,1)(86)
Mensaje I / 00:00:00:000 / pedestrianwalk(02) para pedestrianwalk(2,2,0)(87)
Mensaje I / 00:00:00:000 / pedestrianwalk(02) para pedestrianwalk(2,2,1)(88)
Mensaje I / 00:00:00:000 / pedestrianwalk(02) para pedestrianwalk(2,3,0)(89)
Mensaje I / 00:00:00:000 / pedestrianwalk(02) para pedestrianwalk(2,3,1)(90)
Mensaje I / 00:00:00:000 / pedestrianwalk(02) para pedestrianwalk(2,4,0)(91)
Mensaje I / 00:00:00:000 / pedestrianwalk(02) para pedestrianwalk(2,4,1)(92)
Mensaje I / 00:00:00:000 / pedestrianwalk(02) para pedestrianwalk(2,5,0)(93)
Mensaje I / 00:00:00:000 / pedestrianwalk(02) para pedestrianwalk(2,5,1)(94)
Mensaje I / 00:00:00:000 / pedestrianwalk(02) para pedestrianwalk(2,6,0)(95)
Mensaje I / 00:00:00:000 / pedestrianwalk(02) para pedestrianwalk(2,6,1)(96)
Mensaje I / 00:00:00:000 / pedestrianwalk(02) para pedestrianwalk(2,7,0)(97)
Mensaje I / 00:00:00:000 / pedestrianwalk(02) para pedestrianwalk(2,7,1)(98)
Mensaje I / 00:00:00:000 / pedestrianwalk(02) para pedestrianwalk(2,8,0)(99)
Mensaje I / 00:00:00:000 / pedestrianwalk(02) para pedestrianwalk(2,8,1)(100)
Mensaje I / 00:00:00:000 / pedestrianwalk(02) para pedestrianwalk(2,9,0)(101)
Mensaje I / 00:00:00:000 / pedestrianwalk(02) para pedestrianwalk(2,9,1)(102)
Mensaje I / 00:00:00:000 / pedestrianwalk(02) para pedestrianwalk(2,10,0)(103)
Mensaje I / 00:00:00:000 / pedestrianwalk(02) para pedestrianwalk(2,10,1)(104)
Mensaje I / 00:00:00:000 / pedestrianwalk(02) para pedestrianwalk(2,11,0)(105)
Mensaje I / 00:00:00:000 / pedestrianwalk(02) para pedestrianwalk(2,11,1)(106)
Mensaje I / 00:00:00:000 / pedestrianwalk(02) para pedestrianwalk(2,12,0)(107)
Mensaje I / 00:00:00:000 / pedestrianwalk(02) para pedestrianwalk(2,12,1)(108)
Mensaje I / 00:00:00:000 / pedestrianwalk(02) para pedestrianwalk(2,13,0)(109)
Mensaje I / 00:00:00:000 / pedestrianwalk(02) para pedestrianwalk(2,13,1)(110)
Mensaje I / 00:00:00:000 / pedestrianwalk(02) para pedestrianwalk(2,14,0)(111)
Mensaje I / 00:00:00:000 / pedestrianwalk(02) para pedestrianwalk(2,14,1)(112)
Mensaje I / 00:00:00:000 / pedestrianwalk(02) para pedestrianwalk(2,15,0)(113)
Mensaje I / 00:00:00:000 / pedestrianwalk(02) para pedestrianwalk(2,15,1)(114)
Mensaje I / 00:00:00:000 / pedestrianwalk(02) para pedestrianwalk(2,16,0)(115)
Mensaje I / 00:00:00:000 / pedestrianwalk(02) para pedestrianwalk(2,16,1)(116)
Mensaje I / 00:00:00:000 / pedestrianwalk(02) para pedestrianwalk(2,17,0)(117)
Mensaje I / 00:00:00:000 / pedestrianwalk(02) para pedestrianwalk(2,17,1)(118)
Mensaje I / 00:00:00:000 / pedestrianwalk(02) para pedestrianwalk(2,18,0)(119)
Mensaje I / 00:00:00:000 / pedestrianwalk(02) para pedestrianwalk(2,18,1)(120)
Mensaje I / 00:00:00:000 / pedestrianwalk(02) para pedestrianwalk(2,19,0)(121)
Mensaje I / 00:00:00:000 / pedestrianwalk(02) para pedestrianwalk(2,19,1)(122)
Mensaje I / 00:00:00:000 / pedestrianwalk(02) para pedestrianwalk(3,0,0)(123)
Mensaje I / 00:00:00:000 / pedestrianwalk(02) para pedestrianwalk(3,0,1)(124)
Mensaje I / 00:00:00:000 / pedestrianwalk(02) para pedestrianwalk(3,1,0)(125)
Mensaje I / 00:00:00:000 / pedestrianwalk(02) para pedestrianwalk(3,1,1)(126)
Mensaje I / 00:00:00:000 / pedestrianwalk(02) para pedestrianwalk(3,2,0)(127)
Mensaje I / 00:00:00:000 / pedestrianwalk(02) para pedestrianwalk(3,2,1)(128)
Mensaje I / 00:00:00:000 / pedestrianwalk(02) para pedestrianwalk(3,3,0)(129)
Mensaje I / 00:00:00:000 / pedestrianwalk(02) para pedestrianwalk(3,3,1)(130)
Mensaje I / 00:00:00:000 / pedestrianwalk(02) para pedestrianwalk(3,4,0)(131)
Mensaje I / 00:00:00:000 / pedestrianwalk(02) para pedestrianwalk(3,4,1)(132)
Mensaje I / 00:00:00:000 / pedestrianwalk(02) para pedestrianwalk(3,5,0)(133)
Mensaje I / 00:00:00:000 / pedestrianwalk(02) para pedestrianwalk(3,5,1)(134)
Mensaje I / 00:00:00:000 / pedestrianwalk(02) para pedestrianwalk(3,6,0)(135)
Mensaje I / 00:00:00:000 / pedestrianwalk(02) para pedestrianwalk(3,6,1)(136)
Mensaje I / 00:00:00:000 / pedestrianwalk(02) para pedestrianwalk(3,7,0)(137)
Mensaje I / 00:00:00:000 / pedestrianwalk(02) para pedestrianwalk(3,7,1)(138)
Mensaje I / 00:00:00:000 / pedestrianwalk(02) para pedestrianwalk(3,8,0)(139)
Mensaje I / 00:00:00:000 / pedestrianwalk(02) para pedestrianwalk(3,8,1)(140)
Mensaje I / 00:00:00:000 / pedestrianwalk(02) para pedestrianwalk(3,9,0)(141)
Mensaje I / 00:00:00:000 / pedestrianwalk(02) para pedestrianwalk(3,9,1)(142)
Mensaje I / 00:00:00:000 / pedestrianwalk(02) para pedestrianwalk(3,10,0)(143)
Mensaje I / 00:00:00:000 / pedestrianwalk(02) para pedestrianwalk(3,10,1)(144)
Mensaje I / 00:00:00:000 / pedestrianwalk(02) para pedestrianwalk(3,11,0)(145)
Mensaje I / 00:00:00:000 / pedestrianwalk(02) para pedestrianwalk(3,11,1)(146)
Mensaje I / 00:00:00:000 / pedestrianwalk(02) para pedestrianwalk(3,12,0)(147)
Mensaje I / 00:00:00:000 / pedestrianwalk(02) para pedestrianwalk(3,12,1)(148)
Mensaje I / 00:00:00:000 / pedestrianwalk(02) para pedestrianwalk(3,13,0)(149)
Mensaje I / 00:00:00:000 / pedestrianwalk(02) para pedestrianwalk(3,13,1)(150)
Mensaje I / 00:00:00:000 / pedestrianwalk(02) para pedestrianwalk(3,14,0)(151)
Mensaje I / 00:00:00:000 / pedestrianwalk(02) para pedestrianwalk(3,14,1)(152)
Mensaje I / 00:00:00:000 / pedestrianwalk(02) para pedestrianwalk(3,15,0)(153)
Mensaje I / 00:00:00:000 / pedestrianwalk(02) para pedestrianwalk(3,15,1)(154)
Mensaje I / 00:00:00:000 / pedestrianwalk(02) para pedestrianwalk(3,16,0)(155)
Mensaje I / 00:00:00:000 / pedestrianwalk(02) para pedestrianwalk(3,16,1)(156)
Mensaje I / 00:00:00:000 / pedestrianwalk(02) para pedestrianwalk(3,17,0)(157)
Mensaje I / 00:00:00:000 / pedestrianwalk(02) para pedestrianwalk(3,17,1)(158)
Mensaje I / 00:00:00:000 / pedestrianwalk(02) para pedestrianwalk(3,18,0)(159)
Mensaje I / 00:00:00:000 / pedestrianwalk(02) para pedestrianwalk(3,18,1)(160)
Mensaje I / 00:00:00:000 / pedestrianwalk(02) para pedestrianwalk(3,19,0)(161)
Mensaje I / 00:00:00:000 / pedestrianwalk(02) para pedestrianwalk(3,19,1)(162)
Mensaje I / 00:00:00:000 / pedestrianwalk(02) para pedestrianwalk(4,0,0)(163)
Mensaje I / 00:00:00:000 / pedestrianwalk(02) para pedestrianwalk(4,0,1)(164)
Mensaje I / 00:00:00:000 / pedestrianwalk(02) para pedestrianwalk(4,1,0)(165)
Mensaje I / 00:00:00:000 / pedestrianwalk(02) para pedestrianwalk(4,1,1)(166)
Mensaje I / 00:00:00:000 / pedestrianwalk(02) para pedestrianwalk(4,2,0)(167)
Mensaje I / 00:00:00:000 / pedestrianwalk(02) para pedestrianwalk(4,2,1)(168)
Mensaje I / 00:00:00:000 / pedestrianwalk(02) para pedestrianwalk(4,3,0)(169)
Mensaje I / 00:00:00:000 / pedestrianwalk(02) para pedestrianwalk(4,3,1)(170)
Mensaje I / 00:00:00:000 / pedestrianwalk(02) para pedestrianwalk(4,4,0)(171)
Mensaje I / 00:00:00:000 / pedestrianwalk(02) para pedestrianwalk(4,4,1)(172)
Mensaje I / 00:00:00:000 / pedestrianwalk(02) para pedestrianwalk(4,5,0)(173)
Mensaje I / 00:00:00:000 / pedestrianwalk(02) para pedestrianwalk(4,5,1)(174)
Mensaje I / 00:00:00:000 / pedestrianwalk(02) para pedestrianwalk(4,6,0)(175)
Mensaje I / 00:00:00:000 / pedestrianwalk(02) para pedestrianwalk(4,6,1)(176)
Mensaje I / 00:00:00:000 / pedestrianwalk(02) para pedestrianwalk(4,7,0)(177)
Mensaje I / 00:00:00:000 / pedestrianwalk(02) para pedestrianwalk(4,7,1)(178)
Mensaje I / 00:00:00:000 / pedestrianwalk(02) para pedestrianwalk(4,8,0)(179)
Mensaje I / 00:00:00:000 / pedestrianwalk(02) para pedestrianwalk(4,8,1)(180)
Mensaje I / 00:00:00:000 / pedestrianwalk(02) para pedestrianwalk(4,9,0)(181)
Mensaje I / 00:00:00:000 / pedestrianwalk(02) para pedestrianwalk(4,9,1)(182)
Mensaje I / 00:00:00:000 / pedestrianwalk(02) para pedestrianwalk(4,10,0)(183)
Mensaje I / 00:00:00:000 / pedestrianwalk(02) para pedestrianwalk(4,10,1)(184)
Mensaje I / 00:00:00:000 / pedestrianwalk(02) para pedestrianwalk(4,11,0)(185)
Mensaje I / 00:00:00:000 / pedestrianwalk(02) para pedestrianwalk(4,11,1)(186)
Mensaje I / 00:00:00:000 / pedestrianwalk(02) para pedestrianwalk(4,12,0)(187)
Mensaje I / 00:00:00:000 / pedestrianwalk(02) para pedestrianwalk(4,12,1)(188)
Mensaje I / 00:00:00:000 / pedestrianwalk(02) para pedestrianwalk(4,13,0)(189)
Mensaje I / 00:00:00:000 / pedestrianwalk(02) para pedestrianwalk(4,13,1)(190)
Mensaje I / 00:00:00:000 / pedestrianwalk(02) para pedestrianwalk(4,14,0)(191)
Mensaje I / 00:00:00:000 / pedestrianwalk(02) para pedestrianwalk(4,14,1)(192)
Mensaje I / 00:00:00:000 / pedestrianwalk(02) para pedestrianwalk(4,15,0)(193)
Mensaje I / 00:00:00:000 / pedestrianwalk(02) para pedestrianwalk(4,15,1)(194)
Mensaje I / 00:00:00:000 / pedestrianwalk(02) para pedestrianwalk(4,16,0)(195)
Mensaje I / 00:00:00:000 / pedestrianwalk(02) para pedestrianwalk(4,16,1)(196)
Mensaje I / 00:00:00:000 / pedestrianwalk(02) para pedestrianwalk(4,17,0)(197)
Mensaje I / 00:00:00:000 / pedestrianwalk(02) para pedestrianwalk(4,17,1)(198)
Mensaje I / 00:00:00:000 / pedestrianwalk(02) para pedestrianwalk(4,18,0)(199)
Mensaje I / 00:00:00:000 / pedestrianwalk(02) para pedestrianwalk(4,18,1)(200)
Mensaje I / 00:00:00:000 / pedestrianwalk(02) para pedestrianwalk(4,19,0)(201)
Mensaje I / 00:00:00:000 / pedestrianwalk(02) para pedestrianwalk(4,19,1)(202)
Mensaje I / 00:00:00:000 / pedestrianwalk(02) para pedestrianwalk(5,0,0)(203)
Mensaje I / 00:00:00:000 / pedestrianwalk(02) para pedestrianwalk(5,0,1)(204)
Mensaje I / 00:00:00:000 / pedestrianwalk(02) para pedestrianwalk(5,1,0)(205)
Mensaje I / 00:00:00:000 / pedestrianwalk(02) para pedestrianwalk(5,1,1)(206)
Mensaje I / 00:00:00:000 / pedestrianwalk(02) para pedestrianwalk(5,2,0)(207)
Mensaje I / 00:00:00:000 / pedestrianwalk(02) para pedestrianwalk(5,2,1)(208)
Mensaje I / 00:00:00:000 / pedestrianwalk(02) para pedestrianwalk(5,3,0)(209)
Mensaje I / 00:00:00:000 / pedestrianwalk(02) para pedestrianwalk(5,3,1)(210)
Mensaje I / 00:00:00:000 / pedestrianwalk(02) para pedestrianwalk(5,4,0)(211)
Mensaje I / 00:00:00:000 / pedestrianwalk(02) para pedestrianwalk(5,4,1)(212)
Mensaje I / 00:00:00:000 / pedestrianwalk(02) para pedestrianwalk(5,5,0)(213)
Mensaje I / 00:00:00:000 / pedestrianwalk(02) para pedestrianwalk(5,5,1)(214)
Mensaje I / 00:00:00:000 / pedestrianwalk(02) para pedestrianwalk(5,6,0)(215)
Mensaje I / 00:00:00:000 / pedestrianwalk(02) para pedestrianwalk(5,6,1)(216)
Mensaje I / 00:00:00:000 / pedestrianwalk(02) para pedestrianwalk(5,7,0)(217)
Mensaje I / 00:00:00:000 / pedestrianwalk(02) para pedestrianwalk(5,7,1)(218)
Mensaje I / 00:00:00:000 / pedestrianwalk(02) para pedestrianwalk(5,8,0)(219)
Mensaje I / 00:00:00:000 / pedestrianwalk(02) para pedestrianwalk(5,8,1)(220)
Mensaje I / 00:00:00:000 / pedestrianwalk(02) para pedestrianwalk(5,9,0)(221)
Mensaje I / 00:00:00:000 / pedestrianwalk(02) para pedestrianwalk(5,9,1)(222)
Mensaje I / 00:00:00:000 / pedestrianwalk(02) para pedestrianwalk(5,10,0)(223)
Mensaje I / 00:00:00:000 / pedestrianwalk(02) para pedestrianwalk(5,10,1)(224)
Mensaje I / 00:00:00:000 / pedestrianwalk(02) para pedestrianwalk(5,11,0)(225)
Mensaje I / 00:00:00:000 / pedestrianwalk(02) para pedestrianwalk(5,11,1)(226)
Mensaje I / 00:00:00:000 / pedestrianwalk(02) para pedestrianwalk(5,12,0)(227)
Mensaje I / 00:00:00:000 / pedestrianwalk(02) para pedestrianwalk(5,12,1)(228)
Mensaje I / 00:00:00:000 / pedestrianwalk(02) para pedestrianwalk(5,13,0)(229)
Mensaje I / 00:00:00:000 / pedestrianwalk(02) para pedestrianwalk(5,13,1)(230)
Mensaje I / 00:00:00:000 / pedestrianwalk(02) para pedestrianwalk(5,14,0)(231)
Mensaje I / 00:00:00:000 / pedestrianwalk(02) para pedestrianwalk(5,14,1)(232)
Mensaje I / 00:00:00:000 / pedestrianwalk(02) para pedestrianwalk(5,15,0)(233)
Mensaje I / 00:00:00:000 / pedestrianwalk(02) para pedestrianwalk(5,15,1)(234)
Mensaje I / 00:00:00:000 / pedestrianwalk(02) para pedestrianwalk(5,16,0)(235)
Mensaje I / 00:00:00:000 / pedestrianwalk(02) para pedestrianwalk(5,16,1)(236)
Mensaje I / 00:00:00:000 / pedestrianwalk(02) para pedestrianwalk(5,17,0)(237)
Mensaje I / 00:00:00:000 / pedestrianwalk(02) para pedestrianwalk(5,17,1)(238)
Mensaje I / 00:00:00:000 / pedestrianwalk(02) para pedestrianwalk(5,18,0)(239)
Mensaje I / 00:00:00:000 / pedestrianwalk(02) para pedestrianwalk(5,18,1)(240)
Mensaje I / 00:00:00:000 / pedestrianwalk(02) para pedestrianwalk(5,19,0)(241)
Mensaje I / 00:00:00:000 / pedestrianwalk(02) para pedestrianwalk(5,19,1)(242)
Mensaje I / 00:00:00:000 / pedestrianwalk(02) para pedestrianwalk(6,0,0)(243)
Mensaje I / 00:00:00:000 / pedestrianwalk(02) para pedestrianwalk(6,0,1)(244)
Mensaje I / 00:00:00:000 / pedestrianwalk(02) para pedestrianwalk(6,1,0)(245)
Mensaje I / 00:00:00:000 / pedestrianwalk(02) para pedestrianwalk(6,1,1)(246)
Mensaje I / 00:00:00:000 / pedestrianwalk(02) para pedestrianwalk(6,2,0)(247)
Mensaje I / 00:00:00:000 / pedestrianwalk(02) para pedestrianwalk(6,2,1)(248)
Mensaje I / 00:00:00:000 / pedestrianwalk(02) para pedestrianwalk(6,3,0)(249)
Mensaje I / 00:00:00:000 / pedestrianwalk(02) para pedestrianwalk(6,3,1)(250)
Mensaje I / 00:00:00:000 / pedestrianwalk(02) para pedestrianwalk(6,4,0)(251)
Mensaje I / 00:00:00:000 / pedestrianwalk(02) para pedestrianwalk(6,4,1)(252)
Mensaje I / 00:00:00:000 / pedestrianwalk(02) para pedestrianwalk(6,5,0)(253)
Mensaje I / 00:00:00:000 / pedestrianwalk(02) para pedestrianwalk(6,5,1)(254)
Mensaje I / 00:00:00:000 / pedestrianwalk(02) para pedestrianwalk(6,6,0)(255)
Mensaje I / 00:00:00:000 / pedestrianwalk(02) para pedestrianwalk(6,6,1)(256)
Mensaje I / 00:00:00:000 / pedestrianwalk(02) para pedestrianwalk(6,7,0)(257)
Mensaje I / 00:00:00:000 / pedestrianwalk(02) para pedestrianwalk(6,7,1)(258)
Mensaje I / 00:00:00:000 / pedestrianwalk(02) para pedestrianwalk(6,8,0)(259)
Mensaje I / 00:00:00:000 / pedestrianwalk(02) para pedestrianwalk(6,8,1)(260)
Mensaje I / 00:00:00:000 / pedestrianwalk(02) para pedestrianwalk(6,9,0)(261)
Mensaje I / 00:00:00:000 / pedestrianwalk(02) para pedestrianwalk(6,9,1)(262)
Mensaje I / 00:00:00:000 / pedestrianwalk(02) para pedestrianwalk(6,10,0)(263)
Mensaje I / 00:00:00:000 / pedestrianwalk(02) para pedestrianwalk(6,10,1)(264)
Mensaje I / 00:00:00:000 / pedestrianwalk(02) para pedestrianwalk(6,11,0)(265)
Mensaje I / 00:00:00:000 / pedestrianwalk(02) para pedestrianwalk(6,11,1)(266)
Mensaje I / 00:00:00:000 / pedestrianwalk(02) para pedestrianwalk(6,12,0)(267)
Mensaje I / 00:00:00:000 / pedestrianwalk(02) para pedestrianwalk(6,12,1)(268)
Mensaje I / 00:00:00:000 / pedestrianwalk(02) para pedestrianwalk(6,13,0)(269)
Mensaje I / 00:00:00:000 / pedestrianwalk(02) para pedestrianwalk(6,13,1)(270)
Mensaje I / 00:00:00:000 / pedestrianwalk(02) para pedestrianwalk(6,14,0)(271)
Mensaje I / 00:00:00:000 / pedestrianwalk(02) para pedestrianwalk(6,14,1)(272)
Mensaje I / 00:00:00:000 / pedestrianwalk(02) para pedestrianwalk(6,15,0)(273)
Mensaje I / 00:00:00:000 / pedestrianwalk(02) para pedestrianwalk(6,15,1)(274)
Mensaje I / 00:00:00:000 / pedestrianwalk(02) para pedestrianwalk(6,16,0)(275)
Mensaje I / 00:00:00:000 / pedestrianwalk(02) para pedestrianwalk(6,16,1)(276)
Mensaje I / 00:00:00:000 / pedestrianwalk(02) para pedestrianwalk(6,17,0)(277)
Mensaje I / 00:00:00:000 / pedestrianwalk(02) para pedestrianwalk(6,17,1)(278)
Mensaje I / 00:00:00:000 / pedestrianwalk(02) para pedestrianwalk(6,18,0)(279)
Mensaje I / 00:00:00:000 / pedestrianwalk(02) para pedestrianwalk(6,18,1)(280)
Mensaje I / 00:00:00:000 / pedestrianwalk(02) para pedestrianwalk(6,19,0)(281)
Mensaje I / 00:00:00:000 / pedestrianwalk(02) para pedestrianwalk(6,19,1)(282)
Mensaje I / 00:00:00:000 / pedestrianwalk(02) para pedestrianwalk(7,0,0)(283)
Mensaje I / 00:00:00:000 / pedestrianwalk(02) para pedestrianwalk(7,0,1)(284)
Mensaje I / 00:00:00:000 / pedestrianwalk(02) para pedestrianwalk(7,1,0)(285)
Mensaje I / 00:00:00:000 / pedestrianwalk(02) para pedestrianwalk(7,1,1)(286)
Mensaje I / 00:00:00:000 / pedestrianwalk(02) para pedestrianwalk(7,2,0)(287)
Mensaje I / 00:00:00:000 / pedestrianwalk(02) para pedestrianwalk(7,2,1)(288)
Mensaje I / 00:00:00:000 / pedestrianwalk(02) para pedestrianwalk(7,3,0)(289)
Mensaje I / 00:00:00:000 / pedestrianwalk(02) para pedestrianwalk(7,3,1)(290)
Mensaje I / 00:00:00:000 / pedestrianwalk(02) para pedestrianwalk(7,4,0)(291)
Mensaje I / 00:00:00:000 / pedestrianwalk(02) para pedestrianwalk(7,4,1)(292)
Mensaje I / 00:00:00:000 / pedestrianwalk(02) para pedestrianwalk(7,5,0)(293)
Mensaje I / 00:00:00:000 / pedestrianwalk(02) para pedestrianwalk(7,5,1)(294)
Mensaje I / 00:00:00:000 / pedestrianwalk(02) para pedestrianwalk(7,6,0)(295)
Mensaje I / 00:00:00:000 / pedestrianwalk(02) para pedestrianwalk(7,6,1)(296)
Mensaje I / 00:00:00:000 / pedestrianwalk(02) para pedestrianwalk(7,7,0)(297)
Mensaje I / 00:00:00:000 / pedestrianwalk(02) para pedestrianwalk(7,7,1)(298)
Mensaje I / 00:00:00:000 / pedestrianwalk(02) para pedestrianwalk(7,8,0)(299)
Mensaje I / 00:00:00:000 / pedestrianwalk(02) para pedestrianwalk(7,8,1)(300)
Mensaje I / 00:00:00:000 / pedestrianwalk(02) para pedestrianwalk(7,9,0)(301)
Mensaje I / 00:00:00:000 / pedestrianwalk(02) para pedestrianwalk(7,9,1)(302)
Mensaje I / 00:00:00:000 / pedestrianwalk(02) para pedestrianwalk(7,10,0)(303)
Mensaje I / 00:00:00:000 / pedestrianwalk(02) para pedestrianwalk(7,10,1)(304)
Mensaje I / 00:00:00:000 / pedestrianwalk(02) para pedestrianwalk(7,11,0)(305)
Mensaje I / 00:00:00:000 / pedestrianwalk(02) para pedestrianwalk(7,11,1)(306)
Mensaje I / 00:00:00:000 / pedestrianwalk(02) para pedestrianwalk(7,12,0)(307)
Mensaje I / 00:00:00:000 / pedestrianwalk(02) para pedestrianwalk(7,12,1)(308)
Mensaje I / 00:00:00:000 / pedestrianwalk(02) para pedestrianwalk(7,13,0)(309)
Mensaje I / 00:00:00:000 / pedestrianwalk(02) para pedestrianwalk(7,13,1)(310)
Mensaje I / 00:00:00:000 / pedestrianwalk(02) para pedestrianwalk(7,14,0)(311)
Mensaje I / 00:00:00:000 / pedestrianwalk(02) para pedestrianwalk(7,14,1)(312)
Mensaje I / 00:00:00:000 / pedestrianwalk(02) para pedestrianwalk(7,15,0)(313)
Mensaje I / 00:00:00:000 / pedestrianwalk(02) para pedestrianwalk(7,15,1)(314)
Mensaje I / 00:00:00:000 / pedestrianwalk(02) para pedestrianwalk(7,16,0)(315)
Mensaje I / 00:00:00:000 / pedestrianwalk(02) para pedestrianwalk(7,16,1)(316)
Mensaje I / 00:00:00:000 / pedestrianwalk(02) para pedestrianwalk(7,17,0)(317)
Mensaje I / 00:00:00:000 / pedestrianwalk(02) para pedestrianwalk(7,17,1)(318)
Mensaje I / 00:00:00:000 / pedestrianwalk(02) para pedestrianwalk(7,18,0)(319)
Mensaje I / 00:00:00:000 / pedestrianwalk(02) para pedestrianwalk(7,18,1)(320)
Mensaje I / 00:00:00:000 / pedestrianwalk(02) para pedestrianwalk(7,19,0)(321)
Mensaje I / 00:00:00:000 / pedestrianwalk(02) para pedestrianwalk(7,19,1)(322)
Mensaje D / 00:00:00:000 / persongenleft1(323) / 00:00:00:000 para top(01)
Mensaje D / 00:00:00:000 / persongenleft2(324) / 00:00:00:000 para top(01)
Mensaje D / 00:00:00:000 / persongenleft3(325) / 00:00:00:000 para top(01)
Mensaje D / 00:00:00:000 / persongenleft4(326) / 00:00:00:000 para top(01)
Mensaje D / 00:00:00:000 / persongenleft5(327) / 00:00:00:000 para top(01)
Mensaje D / 00:00:00:000 / persongenleft6(328) / 00:00:00:000 para top(01)
Mensaje D / 00:00:00:000 / persongenright1(329) / 00:00:00:000 para top(01)
Mensaje D / 00:00:00:000 / persongenright2(330) / 00:00:00:000 para top(01)
Mensaje D / 00:00:00:000 / persongenright3(331) / 00:00:00:000 para top(01)
Mensaje D / 00:00:00:000 / persongenright4(332) / 00:00:00:000 para top(01)
Mensaje D / 00:00:00:000 / persongenright5(333) / 00:00:00:000 para top(01)
Mensaje D / 00:00:00:000 / persongenright6(334) / 00:00:00:000 para top(01)
Mensaje D / 00:00:00:000 / pedestrianwalk(0,0,0)(03) / ... para pedestrianwalk(02)
Mensaje D / 00:00:00:000 / pedestrianwalk(0,0,1)(04) / ... para pedestrianwalk(02)
Mensaje D / 00:00:00:000 / pedestrianwalk(0,1,0)(05) / ... para pedestrianwalk(02)
Mensaje D / 00:00:00:000 / pedestrianwalk(0,1,1)(06) / ... para pedestrianwalk(02)
Mensaje D / 00:00:00:000 / pedestrianwalk(0,2,0)(07) / ... para pedestrianwalk(02)
Mensaje D / 00:00:00:000 / pedestrianwalk(0,2,1)(08) / ... para pedestrianwalk(02)
Mensaje D / 00:00:00:000 / pedestrianwalk(0,3,0)(09) / ... para pedestrianwalk(02)
Mensaje D / 00:00:00:000 / pedestrianwalk(0,3,1)(10) / ... para pedestrianwalk(02)
Mensaje D / 00:00:00:000 / pedestrianwalk(0,4,0)(11) / ... para pedestrianwalk(02)
Mensaje D / 00:00:00:000 / pedestrianwalk(0,4,1)(12) / ... para pedestrianwalk(02)
Mensaje D / 00:00:00:000 / pedestrianwalk(0,5,0)(13) / ... para pedestrianwalk(02)
Mensaje D / 00:00:00:000 / pedestrianwalk(0,5,1)(14) / ... para pedestrianwalk(02)
Mensaje D / 00:00:00:000 / pedestrianwalk(0,6,0)(15) / ... para pedestrianwalk(02)
Mensaje D / 00:00:00:000 / pedestrianwalk(0,6,1)(16) / ... para pedestrianwalk(02)
Mensaje D / 00:00:00:000 / pedestrianwalk(0,7,0)(17) / ... para pedestrianwalk(02)
Mensaje D / 00:00:00:000 / pedestrianwalk(0,7,1)(18) / ... para pedestrianwalk(02)
Mensaje D / 00:00:00:000 / pedestrianwalk(0,8,0)(19) / ... para pedestrianwalk(02)
Mensaje D / 00:00:00:000 / pedestrianwalk(0,8,1)(20) / ... para pedestrianwalk(02)
Mensaje D / 00:00:00:000 / pedestrianwalk(0,9,0)(21) / ... para pedestrianwalk(02)
Mensaje D / 00:00:00:000 / pedestrianwalk(0,9,1)(22) / ... para pedestrianwalk(02)
Mensaje D / 00:00:00:000 / pedestrianwalk(0,10,0)(23) / ... para pedestrianwalk(02)
Mensaje D / 00:00:00:000 / pedestrianwalk(0,10,1)(24) / ... para pedestrianwalk(02)
Mensaje D / 00:00:00:000 / pedestrianwalk(0,11,0)(25) / ... para pedestrianwalk(02)
Mensaje D / 00:00:00:000 / pedestrianwalk(0,11,1)(26) / ... para pedestrianwalk(02)
Mensaje D / 00:00:00:000 / pedestrianwalk(0,12,0)(27) / ... para pedestrianwalk(02)
Mensaje D / 00:00:00:000 / pedestrianwalk(0,12,1)(28) / ... para pedestrianwalk(02)
Mensaje D / 00:00:00:000 / pedestrianwalk(0,13,0)(29) / ... para pedestrianwalk(02)
Mensaje D / 00:00:00:000 / pedestrianwalk(0,13,1)(30) / ... para pedestrianwalk(02)
Mensaje D / 00:00:00:000 / pedestrianwalk(0,14,0)(31) / ... para pedestrianwalk(02)
Mensaje D / 00:00:00:000 / pedestrianwalk(0,14,1)(32) / ... para pedestrianwalk(02)
Mensaje D / 00:00:00:000 / pedestrianwalk(0,15,0)(33) / ... para pedestrianwalk(02)
Mensaje D / 00:00:00:000 / pedestrianwalk(0,15,1)(34) / ... para pedestrianwalk(02)
Mensaje D / 00:00:00:000 / pedestrianwalk(0,16,0)(35) / ... para pedestrianwalk(02)
Mensaje D / 00:00:00:000 / pedestrianwalk(0,16,1)(36) / ... para pedestrianwalk(02)
Mensaje D / 00:00:00:000 / pedestrianwalk(0,17,0)(37) / ... para pedestrianwalk(02)
Mensaje D / 00:00:00:000 / pedestrianwalk(0,17,1)(38) / ... para pedestrianwalk(02)
Mensaje D / 00:00:00:000 / pedestrianwalk(0,18,0)(39) / ... para pedestrianwalk(02)
Mensaje D / 00:00:00:000 / pedestrianwalk(0,18,1)(40) / ... para pedestrianwalk(02)
Mensaje D / 00:00:00:000 / pedestrianwalk(0,19,0)(41) / ... para pedestrianwalk(02)
Mensaje D / 00:00:00:000 / pedestrianwalk(0,19,1)(42) / ... para pedestrianwalk(02)
Mensaje D / 00:00:00:000 / pedestrianwalk(1,0,0)(43) / ... para pedestrianwalk(02)
Mensaje D / 00:00:00:000 / pedestrianwalk(1,0,1)(44) / ... para pedestrianwalk(02)
Mensaje D / 00:00:00:000 / pedestrianwalk(1,1,0)(45) / ... para pedestrianwalk(02)
Mensaje D / 00:00:00:000 / pedestrianwalk(1,1,1)(46) / ... para pedestrianwalk(02)
Mensaje D / 00:00:00:000 / pedestrianwalk(1,2,0)(47) / ... para pedestrianwalk(02)
Mensaje D / 00:00:00:000 / pedestrianwalk(1,2,1)(48) / ... para pedestrianwalk(02)
Mensaje D / 00:00:00:000 / pedestrianwalk(1,3,0)(49) / ... para pedestrianwalk(02)
Mensaje D / 00:00:00:000 / pedestrianwalk(1,3,1)(50) / ... para pedestrianwalk(02)
Mensaje D / 00:00:00:000 / pedestrianwalk(1,4,0)(51) / ... para pedestrianwalk(02)
Mensaje D / 00:00:00:000 / pedestrianwalk(1,4,1)(52) / ... para pedestrianwalk(02)
Mensaje D / 00:00:00:000 / pedestrianwalk(1,5,0)(53) / ... para pedestrianwalk(02)
Mensaje D / 00:00:00:000 / pedestrianwalk(1,5,1)(54) / ... para pedestrianwalk(02)
Mensaje D / 00:00:00:000 / pedestrianwalk(1,6,0)(55) / ... para pedestrianwalk(02)
Mensaje D / 00:00:00:000 / pedestrianwalk(1,6,1)(56) / ... para pedestrianwalk(02)
Mensaje D / 00:00:00:000 / pedestrianwalk(1,7,0)(57) / ... para pedestrianwalk(02)
Mensaje D / 00:00:00:000 / pedestrianwalk(1,7,1)(58) / ... para pedestrianwalk(02)
Mensaje D / 00:00:00:000 / pedestrianwalk(1,8,0)(59) / ... para pedestrianwalk(02)
Mensaje D / 00:00:00:000 / pedestrianwalk(1,8,1)(60) / ... para pedestrianwalk(02)
Mensaje D / 00:00:00:000 / pedestrianwalk(1,9,0)(61) / ... para pedestrianwalk(02)
Mensaje D / 00:00:00:000 / pedestrianwalk(1,9,1)(62) / ... para pedestrianwalk(02)
Mensaje D / 00:00:00:000 / pedestrianwalk(1,10,0)(63) / ... para pedestrianwalk(02)
Mensaje D / 00:00:00:000 / pedestrianwalk(1,10,1)(64) / ... para pedestrianwalk(02)
Mensaje D / 00:00:00:000 / pedestrianwalk(1,11,0)(65) / ... para pedestrianwalk(02)
Mensaje D / 00:00:00:000 / pedestrianwalk(1,11,1)(66) / ... para pedestrianwalk(02)
Mensaje D / 00:00:00:000 / pedestrianwalk(1,12,0)(67) / ... para pedestrianwalk(02)
Mensaje D / 00:00:00:000 / pedestrianwalk(1,12,1)(68) / ... para pedestrianwalk(02)
Mensaje D / 00:00:00:000 / pedestrianwalk(1,13,0)(69) / ... para pedestrianwalk(02)
Mensaje D / 00:00:00:000 / pedestrianwalk(1,13,1)(70) / ... para pedestrianwalk(02)
Mensaje D / 00:00:00:000 / pedestrianwalk(1,14,0)(71) / ... para pedestrianwalk(02)
Mensaje D / 00:00:00:000 / pedestrianwalk(1,14,1)(72) / ... para pedestrianwalk(02)
Mensaje D / 00:00:00:000 / pedestrianwalk(1,15,0)(73) / ... para pedestrianwalk(02)
Mensaje D / 00:00:00:000 / pedestrianwalk(1,15,1)(74) / ... para pedestrianwalk(02)
Mensaje D / 00:00:00:000 / pedestrianwalk(1,16,0)(75) / ... para pedestrianwalk(02)
Mensaje D / 00:00:00:000 / pedestrianwalk(1,16,1)(76) / ... para pedestrianwalk(02)
Mensaje D / 00:00:00:000 / pedestrianwalk(1,17,0)(77) / ... para pedestrianwalk(02)
Mensaje D / 00:00:00:000 / pedestrianwalk(1,17,1)(78) / ... para pedestrianwalk(02)
Mensaje D / 00:00:00:000 / pedestrianwalk(1,18,0)(79) / ... para pedestrianwalk(02)
Mensaje D / 00:00:00:000 / pedestrianwalk(1,18,1)(80) / ... para pedestrianwalk(02)
Mensaje D / 00:00:00:000 / pedestrianwalk(1,19,0)(81) / ... para pedestrianwalk(02)
Mensaje D / 00:00:00:000 / pedestrianwalk(1,19,1)(82) / ... para pedestrianwalk(02)
Mensaje D / 00:00:00:000 / pedestrianwalk(2,0,0)(83) / ... para pedestrianwalk(02)
Mensaje D / 00:00:00:000 / pedestrianwalk(2,0,1)(84) / ... para pedestrianwalk(02)
Mensaje D / 00:00:00:000 / pedestrianwalk(2,1,0)(85) / ... para pedestrianwalk(02)
Mensaje D / 00:00:00:000 / pedestrianwalk(2,1,1)(86) / ... para pedestrianwalk(02)
Mensaje D / 00:00:00:000 / pedestrianwalk(2,2,0)(87) / ... para pedestrianwalk(02)
Mensaje D / 00:00:00:000 / pedestrianwalk(2,2,1)(88) / ... para pedestrianwalk(02)
Mensaje D / 00:00:00:000 / pedestrianwalk(2,3,0)(89) / ... para pedestrianwalk(02)
Mensaje D / 00:00:00:000 / pedestrianwalk(2,3,1)(90) / ... para pedestrianwalk(02)
Mensaje D / 00:00:00:000 / pedestrianwalk(2,4,0)(91) / ... para pedestrianwalk(02)
Mensaje D / 00:00:00:000 / pedestrianwalk(2,4,1)(92) / ... para pedestrianwalk(02)
Mensaje D / 00:00:00:000 / pedestrianwalk(2,5,0)(93) / ... para pedestrianwalk(02)
Mensaje D / 00:00:00:000 / pedestrianwalk(2,5,1)(94) / ... para pedestrianwalk(02)
Mensaje D / 00:00:00:000 / pedestrianwalk(2,6,0)(95) / ... para pedestrianwalk(02)
Mensaje D / 00:00:00:000 / pedestrianwalk(2,6,1)(96) / ... para pedestrianwalk(02)
Mensaje D / 00:00:00:000 / pedestrianwalk(2,7,0)(97) / ... para pedestrianwalk(02)
Mensaje D / 00:00:00:000 / pedestrianwalk(2,7,1)(98) / ... para pedestrianwalk(02)
Mensaje D / 00:00:00:000 / pedestrianwalk(2,8,0)(99) / ... para pedestrianwalk(02)
Mensaje D / 00:00:00:000 / pedestrianwalk(2,8,1)(100) / ... para pedestrianwalk(02)
Mensaje D / 00:00:00:000 / pedestrianwalk(2,9,0)(101) / ... para pedestrianwalk(02)
Mensaje D / 00:00:00:000 / pedestrianwalk(2,9,1)(102) / ... para pedestrianwalk(02)
Mensaje D / 00:00:00:000 / pedestrianwalk(2,10,0)(103) / ... para pedestrianwalk(02)
Mensaje D / 00:00:00:000 / pedestrianwalk(2,10,1)(104) / ... para pedestrianwalk(02)
Mensaje D / 00:00:00:000 / pedestrianwalk(2,11,0)(105) / ... para pedestrianwalk(02)
Mensaje D / 00:00:00:000 / pedestrianwalk(2,11,1)(106) / ... para pedestrianwalk(02)
Mensaje D / 00:00:00:000 / pedestrianwalk(2,12,0)(107) / ... para pedestrianwalk(02)
Mensaje D / 00:00:00:000 / pedestrianwalk(2,12,1)(108) / ... para pedestrianwalk(02)
Mensaje D / 00:00:00:000 / pedestrianwalk(2,13,0)(109) / ... para pedestrianwalk(02)
Mensaje D / 00:00:00:000 / pedestrianwalk(2,13,1)(110) / ... para pedestrianwalk(02)
Mensaje D / 00:00:00:000 / pedestrianwalk(2,14,0)(111) / ... para pedestrianwalk(02)
Mensaje D / 00:00:00:000 / pedestrianwalk(2,14,1)(112) / ... para pedestrianwalk(02)
Mensaje D / 00:00:00:000 / pedestrianwalk(2,15,0)(113) / ... para pedestrianwalk(02)
Mensaje D / 00:00:00:000 / pedestrianwalk(2,15,1)(114) / ... para pedestrianwalk(02)
Mensaje D / 00:00:00:000 / pedestrianwalk(2,16,0)(115) / ... para pedestrianwalk(02)
Mensaje D / 00:00:00:000 / pedestrianwalk(2,16,1)(116) / ... para pedestrianwalk(02)
Mensaje D / 00:00:00:000 / pedestrianwalk(2,17,0)(117) / ... para pedestrianwalk(02)
Mensaje D / 00:00:00:000 / pedestrianwalk(2,17,1)(118) / ... para pedestrianwalk(02)
Mensaje D / 00:00:00:000 / pedestrianwalk(2,18,0)(119) / ... para pedestrianwalk(02)
Mensaje D / 00:00:00:000 / pedestrianwalk(2,18,1)(120) / ... para pedestrianwalk(02)
Mensaje D / 00:00:00:000 / pedestrianwalk(2,19,0)(121) / ... para pedestrianwalk(02)
Mensaje D / 00:00:00:000 / pedestrianwalk(2,19,1)(122) / ... para pedestrianwalk(02)
Mensaje D / 00:00:00:000 / pedestrianwalk(3,0,0)(123) / ... para pedestrianwalk(02)
Mensaje D / 00:00:00:000 / pedestrianwalk(3,0,1)(124) / ... para pedestrianwalk(02)
Mensaje D / 00:00:00:000 / pedestrianwalk(3,1,0)(125) / ... para pedestrianwalk(02)
Mensaje D / 00:00:00:000 / pedestrianwalk(3,1,1)(126) / ... para pedestrianwalk(02)
Mensaje D / 00:00:00:000 / pedestrianwalk(3,2,0)(127) / ... para pedestrianwalk(02)
Mensaje D / 00:00:00:000 / pedestrianwalk(3,2,1)(128) / ... para pedestrianwalk(02)
Mensaje D / 00:00:00:000 / pedestrianwalk(3,3,0)(129) / ... para pedestrianwalk(02)
Mensaje D / 00:00:00:000 / pedestrianwalk(3,3,1)(130) / ... para pedestrianwalk(02)
Mensaje D / 00:00:00:000 / pedestrianwalk(3,4,0)(131) / ... para pedestrianwalk(02)
Mensaje D / 00:00:00:000 / pedestrianwalk(3,4,1)(132) / ... para pedestrianwalk(02)
Mensaje D / 00:00:00:000 / pedestrianwalk(3,5,0)(133) / ... para pedestrianwalk(02)
Mensaje D / 00:00:00:000 / pedestrianwalk(3,5,1)(134) / ... para pedestrianwalk(02)
Mensaje D / 00:00:00:000 / pedestrianwalk(3,6,0)(135) / ... para pedestrianwalk(02)
Mensaje D / 00:00:00:000 / pedestrianwalk(3,6,1)(136) / ... para pedestrianwalk(02)
Mensaje D / 00:00:00:000 / pedestrianwalk(3,7,0)(137) / ... para pedestrianwalk(02)
Mensaje D / 00:00:00:000 / pedestrianwalk(3,7,1)(138) / ... para pedestrianwalk(02)
Mensaje D / 00:00:00:000 / pedestrianwalk(3,8,0)(139) / ... para pedestrianwalk(02)
Mensaje D / 00:00:00:000 / pedestrianwalk(3,8,1)(140) / ... para pedestrianwalk(02)
Mensaje D / 00:00:00:000 / pedestrianwalk(3,9,0)(141) / ... para pedestrianwalk(02)
Mensaje D / 00:00:00:000 / pedestrianwalk(3,9,1)(142) / ... para pedestrianwalk(02)
Mensaje D / 00:00:00:000 / pedestrianwalk(3,10,0)(143) / ... para pedestrianwalk(02)
Mensaje D / 00:00:00:000 / pedestrianwalk(3,10,1)(144) / ... para pedestrianwalk(02)
Mensaje D / 00:00:00:000 / pedestrianwalk(3,11,0)(145) / ... para pedestrianwalk(02)
Mensaje D / 00:00:00:000 / pedestrianwalk(3,11,1)(146) / ... para pedestrianwalk(02)
Mensaje D / 00:00:00:000 / pedestrianwalk(3,12,0)(147) / ... para pedestrianwalk(02)
Mensaje D / 00:00:00:000 / pedestrianwalk(3,12,1)(148) / ... para pedestrianwalk(02)
Mensaje D / 00:00:00:000 / pedestrianwalk(3,13,0)(149) / ... para pedestrianwalk(02)
Mensaje D / 00:00:00:000 / pedestrianwalk(3,13,1)(150) / ... para pedestrianwalk(02)
Mensaje D / 00:00:00:000 / pedestrianwalk(3,14,0)(151) / ... para pedestrianwalk(02)
Mensaje D / 00:00:00:000 / pedestrianwalk(3,14,1)(152) / ... para pedestrianwalk(02)
Mensaje D / 00:00:00:000 / pedestrianwalk(3,15,0)(153) / ... para pedestrianwalk(02)
Mensaje D / 00:00:00:000 / pedestrianwalk(3,15,1)(154) / ... para pedestrianwalk(02)
Mensaje D / 00:00:00:000 / pedestrianwalk(3,16,0)(155) / ... para pedestrianwalk(02)
Mensaje D / 00:00:00:000 / pedestrianwalk(3,16,1)(156) / ... para pedestrianwalk(02)
Mensaje D / 00:00:00:000 / pedestrianwalk(3,17,0)(157) / ... para pedestrianwalk(02)
Mensaje D / 00:00:00:000 / pedestrianwalk(3,17,1)(158) / ... para pedestrianwalk(02)
Mensaje D / 00:00:00:000 / pedestrianwalk(3,18,0)(159) / ... para pedestrianwalk(02)
Mensaje D / 00:00:00:000 / pedestrianwalk(3,18,1)(160) / ... para pedestrianwalk(02)
Mensaje D / 00:00:00:000 / pedestrianwalk(3,19,0)(161) / ... para pedestrianwalk(02)
Mensaje D / 00:00:00:000 / pedestrianwalk(3,19,1)(162) / ... para pedestrianwalk(02)
Mensaje D / 00:00:00:000 / pedestrianwalk(4,0,0)(163) / ... para pedestrianwalk(02)
Mensaje D / 00:00:00:000 / pedestrianwalk(4,0,1)(164) / ... para pedestrianwalk(02)
Mensaje D / 00:00:00:000 / pedestrianwalk(4,1,0)(165) / ... para pedestrianwalk(02)
Mensaje D / 00:00:00:000 / pedestrianwalk(4,1,1)(166) / ... para pedestrianwalk(02)
Mensaje D / 00:00:00:000 / pedestrianwalk(4,2,0)(167) / ... para pedestrianwalk(02)
Mensaje D / 00:00:00:000 / pedestrianwalk(4,2,1)(168) / ... para pedestrianwalk(02)
Mensaje D / 00:00:00:000 / pedestrianwalk(4,3,0)(169) / ... para pedestrianwalk(02)
Mensaje D / 00:00:00:000 / pedestrianwalk(4,3,1)(170) / ... para pedestrianwalk(02)
Mensaje D / 00:00:00:000 / pedestrianwalk(4,4,0)(171) / ... para pedestrianwalk(02)
Mensaje D / 00:00:00:000 / pedestrianwalk(4,4,1)(172) / ... para pedestrianwalk(02)
Mensaje D / 00:00:00:000 / pedestrianwalk(4,5,0)(173) / ... para pedestrianwalk(02)
Mensaje D / 00:00:00:000 / pedestrianwalk(4,5,1)(174) / ... para pedestrianwalk(02)
Mensaje D / 00:00:00:000 / pedestrianwalk(4,6,0)(175) / ... para pedestrianwalk(02)
Mensaje D / 00:00:00:000 / pedestrianwalk(4,6,1)(176) / ... para pedestrianwalk(02)
Mensaje D / 00:00:00:000 / pedestrianwalk(4,7,0)(177) / ... para pedestrianwalk(02)
Mensaje D / 00:00:00:000 / pedestrianwalk(4,7,1)(178) / ... para pedestrianwalk(02)
Mensaje D / 00:00:00:000 / pedestrianwalk(4,8,0)(179) / ... para pedestrianwalk(02)
Mensaje D / 00:00:00:000 / pedestrianwalk(4,8,1)(180) / ... para pedestrianwalk(02)
Mensaje D / 00:00:00:000 / pedestrianwalk(4,9,0)(181) / ... para pedestrianwalk(02)
Mensaje D / 00:00:00:000 / pedestrianwalk(4,9,1)(182) / ... para pedestrianwalk(02)
Mensaje D / 00:00:00:000 / pedestrianwalk(4,10,0)(183) / ... para pedestrianwalk(02)
Mensaje D / 00:00:00:000 / pedestrianwalk(4,10,1)(184) / ... para pedestrianwalk(02)
Mensaje D / 00:00:00:000 / pedestrianwalk(4,11,0)(185) / ... para pedestrianwalk(02)
Mensaje D / 00:00:00:000 / pedestrianwalk(4,11,1)(186) / ... para pedestrianwalk(02)
Mensaje D / 00:00:00:000 / pedestrianwalk(4,12,0)(187) / ... para pedestrianwalk(02)
Mensaje D / 00:00:00:000 / pedestrianwalk(4,12,1)(188) / ... para pedestrianwalk(02)
Mensaje D / 00:00:00:000 / pedestrianwalk(4,13,0)(189) / ... para pedestrianwalk(02)
Mensaje D / 00:00:00:000 / pedestrianwalk(4,13,1)(190) / ... para pedestrianwalk(02)
Mensaje D / 00:00:00:000 / pedestrianwalk(4,14,0)(191) / ... para pedestrianwalk(02)
Mensaje D / 00:00:00:000 / pedestrianwalk(4,14,1)(192) / ... para pedestrianwalk(02)
Mensaje D / 00:00:00:000 / pedestrianwalk(4,15,0)(193) / ... para pedestrianwalk(02)
Mensaje D / 00:00:00:000 / pedestrianwalk(4,15,1)(194) / ... para pedestrianwalk(02)
Mensaje D / 00:00:00:000 / pedestrianwalk(4,16,0)(195) / ... para pedestrianwalk(02)
Mensaje D / 00:00:00:000 / pedestrianwalk(4,16,1)(196) / ... para pedestrianwalk(02)
Mensaje D / 00:00:00:000 / pedestrianwalk(4,17,0)(197) / ... para pedestrianwalk(02)
Mensaje D / 00:00:00:000 / pedestrianwalk(4,17,1)(198) / ... para pedestrianwalk(02)
Mensaje D / 00:00:00:000 / pedestrianwalk(4,18,0)(199) / ... para pedestrianwalk(02)
Mensaje D / 00:00:00:000 / pedestrianwalk(4,18,1)(200) / ... para pedestrianwalk(02)
Mensaje D / 00:00:00:000 / pedestrianwalk(4,19,0)(201) / ... para pedestrianwalk(02)
Mensaje D / 00:00:00:000 / pedestrianwalk(4,19,1)(202) / ... para pedestrianwalk(02)
Mensaje D / 00:00:00:000 / pedestrianwalk(5,0,0)(203) / ... para pedestrianwalk(02)
Mensaje D / 00:00:00:000 / pedestrianwalk(5,0,1)(204) / ... para pedestrianwalk(02)
Mensaje D / 00:00:00:000 / pedestrianwalk(5,1,0)(205) / ... para pedestrianwalk(02)
Mensaje D / 00:00:00:000 / pedestrianwalk(5,1,1)(206) / ... para pedestrianwalk(02)
Mensaje D / 00:00:00:000 / pedestrianwalk(5,2,0)(207) / ... para pedestrianwalk(02)
Mensaje D / 00:00:00:000 / pedestrianwalk(5,2,1)(208) / ... para pedestrianwalk(02)
Mensaje D / 00:00:00:000 / pedestrianwalk(5,3,0)(209) / ... para pedestrianwalk(02)
Mensaje D / 00:00:00:000 / pedestrianwalk(5,3,1)(210) / ... para pedestrianwalk(02)
Mensaje D / 00:00:00:000 / pedestrianwalk(5,4,0)(211) / ... para pedestrianwalk(02)
Mensaje D / 00:00:00:000 / pedestrianwalk(5,4,1)(212) / ... para pedestrianwalk(02)
Mensaje D / 00:00:00:000 / pedestrianwalk(5,5,0)(213) / ... para pedestrianwalk(02)
Mensaje D / 00:00:00:000 / pedestrianwalk(5,5,1)(214) / ... para pedestrianwalk(02)
Mensaje D / 00:00:00:000 / pedestrianwalk(5,6,0)(215) / ... para pedestrianwalk(02)
Mensaje D / 00:00:00:000 / pedestrianwalk(5,6,1)(216) / ... para pedestrianwalk(02)
Mensaje D / 00:00:00:000 / pedestrianwalk(5,7,0)(217) / ... para pedestrianwalk(02)
Mensaje D / 00:00:00:000 / pedestrianwalk(5,7,1)(218) / ... para pedestrianwalk(02)
Mensaje D / 00:00:00:000 / pedestrianwalk(5,8,0)(219) / ... para pedestrianwalk(02)
Mensaje D / 00:00:00:000 / pedestrianwalk(5,8,1)(220) / ... para pedestrianwalk(02)
Mensaje D / 00:00:00:000 / pedestrianwalk(5,9,0)(221) / ... para pedestrianwalk(02)
Mensaje D / 00:00:00:000 / pedestrianwalk(5,9,1)(222) / ... para pedestrianwalk(02)
Mensaje D / 00:00:00:000 / pedestrianwalk(5,10,0)(223) / ... para pedestrianwalk(02)
Mensaje D / 00:00:00:000 / pedestrianwalk(5,10,1)(224) / ... para pedestrianwalk(02)
Mensaje D / 00:00:00:000 / pedestrianwalk(5,11,0)(225) / ... para pedestrianwalk(02)
Mensaje D / 00:00:00:000 / pedestrianwalk(5,11,1)(226) / ... para pedestrianwalk(02)
Mensaje D / 00:00:00:000 / pedestrianwalk(5,12,0)(227) / ... para pedestrianwalk(02)
Mensaje D / 00:00:00:000 / pedestrianwalk(5,12,1)(228) / ... para pedestrianwalk(02)
Mensaje D / 00:00:00:000 / pedestrianwalk(5,13,0)(229) / ... para pedestrianwalk(02)
Mensaje D / 00:00:00:000 / pedestrianwalk(5,13,1)(230) / ... para pedestrianwalk(02)
Mensaje D / 00:00:00:000 / pedestrianwalk(5,14,0)(231) / ... para pedestrianwalk(02)
Mensaje D / 00:00:00:000 / pedestrianwalk(5,14,1)(232) / ... para pedestrianwalk(02)
Mensaje D / 00:00:00:000 / pedestrianwalk(5,15,0)(233) / ... para pedestrianwalk(02)
Mensaje D / 00:00:00:000 / pedestrianwalk(5,15,1)(234) / ... para pedestrianwalk(02)
Mensaje D / 00:00:00:000 / pedestrianwalk(5,16,0)(235) / ... para pedestrianwalk(02)
Mensaje D / 00:00:00:000 / pedestrianwalk(5,16,1)(236) / ... para pedestrianwalk(02)
Mensaje D / 00:00:00:000 / pedestrianwalk(5,17,0)(237) / ... para pedestrianwalk(02)
Mensaje D / 00:00:00:000 / pedestrianwalk(5,17,1)(238) / ... para pedestrianwalk(02)
Mensaje D / 00:00:00:000 / pedestrianwalk(5,18,0)(239) / ... para pedestrianwalk(02)
Mensaje D / 00:00:00:000 / pedestrianwalk(5,18,1)(240) / ... para pedestrianwalk(02)
Mensaje D / 00:00:00:000 / pedestrianwalk(5,19,0)(241) / ... para pedestrianwalk(02)
Mensaje D / 00:00:00:000 / pedestrianwalk(5,19,1)(242) / ... para pedestrianwalk(02)
Mensaje D / 00:00:00:000 / pedestrianwalk(6,0,0)(243) / ... para pedestrianwalk(02)
Mensaje D / 00:00:00:000 / pedestrianwalk(6,0,1)(244) / ... para pedestrianwalk(02)
Mensaje D / 00:00:00:000 / pedestrianwalk(6,1,0)(245) / ... para pedestrianwalk(02)
Mensaje D / 00:00:00:000 / pedestrianwalk(6,1,1)(246) / ... para pedestrianwalk(02)
Mensaje D / 00:00:00:000 / pedestrianwalk(6,2,0)(247) / ... para pedestrianwalk(02)
Mensaje D / 00:00:00:000 / pedestrianwalk(6,2,1)(248) / ... para pedestrianwalk(02)
Mensaje D / 00:00:00:000 / pedestrianwalk(6,3,0)(249) / ... para pedestrianwalk(02)
Mensaje D / 00:00:00:000 / pedestrianwalk(6,3,1)(250) / ... para pedestrianwalk(02)
Mensaje D / 00:00:00:000 / pedestrianwalk(6,4,0)(251) / ... para pedestrianwalk(02)
Mensaje D / 00:00:00:000 / pedestrianwalk(6,4,1)(252) / ... para pedestrianwalk(02)
Mensaje D / 00:00:00:000 / pedestrianwalk(6,5,0)(253) / ... para pedestrianwalk(02)
Mensaje D / 00:00:00:000 / pedestrianwalk(6,5,1)(254) / ... para pedestrianwalk(02)
Mensaje D / 00:00:00:000 / pedestrianwalk(6,6,0)(255) / ... para pedestrianwalk(02)
Mensaje D / 00:00:00:000 / pedestrianwalk(6,6,1)(256) / ... para pedestrianwalk(02)
Mensaje D / 00:00:00:000 / pedestrianwalk(6,7,0)(257) / ... para pedestrianwalk(02)
Mensaje D / 00:00:00:000 / pedestrianwalk(6,7,1)(258) / ... para pedestrianwalk(02)
Mensaje D / 00:00:00:000 / pedestrianwalk(6,8,0)(259) / ... para pedestrianwalk(02)
Mensaje D / 00:00:00:000 / pedestrianwalk(6,8,1)(260) / ... para pedestrianwalk(02)
Mensaje D / 00:00:00:000 / pedestrianwalk(6,9,0)(261) / ... para pedestrianwalk(02)
Mensaje D / 00:00:00:000 / pedestrianwalk(6,9,1)(262) / ... para pedestrianwalk(02)
Mensaje D / 00:00:00:000 / pedestrianwalk(6,10,0)(263) / ... para pedestrianwalk(02)
Mensaje D / 00:00:00:000 / pedestrianwalk(6,10,1)(264) / ... para pedestrianwalk(02)
Mensaje D / 00:00:00:000 / pedestrianwalk(6,11,0)(265) / ... para pedestrianwalk(02)
Mensaje D / 00:00:00:000 / pedestrianwalk(6,11,1)(266) / ... para pedestrianwalk(02)
Mensaje D / 00:00:00:000 / pedestrianwalk(6,12,0)(267) / ... para pedestrianwalk(02)
Mensaje D / 00:00:00:000 / pedestrianwalk(6,12,1)(268) / ... para pedestrianwalk(02)
Mensaje D / 00:00:00:000 / pedestrianwalk(6,13,0)(269) / ... para pedestrianwalk(02)
Mensaje D / 00:00:00:000 / pedestrianwalk(6,13,1)(270) / ... para pedestrianwalk(02)
Mensaje D / 00:00:00:000 / pedestrianwalk(6,14,0)(271) / ... para pedestrianwalk(02)
Mensaje D / 00:00:00:000 / pedestrianwalk(6,14,1)(272) / ... para pedestrianwalk(02)
Mensaje D / 00:00:00:000 / pedestrianwalk(6,15,0)(273) / ... para pedestrianwalk(02)
Mensaje D / 00:00:00:000 / pedestrianwalk(6,15,1)(274) / ... para pedestrianwalk(02)
Mensaje D / 00:00:00:000 / pedestrianwalk(6,16,0)(275) / ... para pedestrianwalk(02)
Mensaje D / 00:00:00:000 / pedestrianwalk(6,16,1)(276) / ... para pedestrianwalk(02)
Mensaje D / 00:00:00:000 / pedestrianwalk(6,17,0)(277) / ... para pedestrianwalk(02)
Mensaje D / 00:00:00:000 / pedestrianwalk(6,17,1)(278) / ... para pedestrianwalk(02)
Mensaje D / 00:00:00:000 / pedestrianwalk(6,18,0)(279) / ... para pedestrianwalk(02)
Mensaje D / 00:00:00:000 / pedestrianwalk(6,18,1)(280) / ... para pedestrianwalk(02)
Mensaje D / 00:00:00:000 / pedestrianwalk(6,19,0)(281) / ... para pedestrianwalk(02)
Mensaje D / 00:00:00:000 / pedestrianwalk(6,19,1)(282) / ... para pedestrianwalk(02)
Mensaje D / 00:00:00:000 / pedestrianwalk(7,0,0)(283) / ... para pedestrianwalk(02)
Mensaje D / 00:00:00:000 / pedestrianwalk(7,0,1)(284) / ... para pedestrianwalk(02)
Mensaje D / 00:00:00:000 / pedestrianwalk(7,1,0)(285) / ... para pedestrianwalk(02)
Mensaje D / 00:00:00:000 / pedestrianwalk(7,1,1)(286) / ... para pedestrianwalk(02)
Mensaje D / 00:00:00:000 / pedestrianwalk(7,2,0)(287) / ... para pedestrianwalk(02)
Mensaje D / 00:00:00:000 / pedestrianwalk(7,2,1)(288) / ... para pedestrianwalk(02)
Mensaje D / 00:00:00:000 / pedestrianwalk(7,3,0)(289) / ... para pedestrianwalk(02)
Mensaje D / 00:00:00:000 / pedestrianwalk(7,3,1)(290) / ... para pedestrianwalk(02)
Mensaje D / 00:00:00:000 / pedestrianwalk(7,4,0)(291) / ... para pedestrianwalk(02)
Mensaje D / 00:00:00:000 / pedestrianwalk(7,4,1)(292) / ... para pedestrianwalk(02)
Mensaje D / 00:00:00:000 / pedestrianwalk(7,5,0)(293) / ... para pedestrianwalk(02)
Mensaje D / 00:00:00:000 / pedestrianwalk(7,5,1)(294) / ... para pedestrianwalk(02)
Mensaje D / 00:00:00:000 / pedestrianwalk(7,6,0)(295) / ... para pedestrianwalk(02)
Mensaje D / 00:00:00:000 / pedestrianwalk(7,6,1)(296) / ... para pedestrianwalk(02)
Mensaje D / 00:00:00:000 / pedestrianwalk(7,7,0)(297) / ... para pedestrianwalk(02)
Mensaje D / 00:00:00:000 / pedestrianwalk(7,7,1)(298) / ... para pedestrianwalk(02)
Mensaje D / 00:00:00:000 / pedestrianwalk(7,8,0)(299) / ... para pedestrianwalk(02)
Mensaje D / 00:00:00:000 / pedestrianwalk(7,8,1)(300) / ... para pedestrianwalk(02)
Mensaje D / 00:00:00:000 / pedestrianwalk(7,9,0)(301) / ... para pedestrianwalk(02)
Mensaje D / 00:00:00:000 / pedestrianwalk(7,9,1)(302) / ... para pedestrianwalk(02)
Mensaje D / 00:00:00:000 / pedestrianwalk(7,10,0)(303) / ... para pedestrianwalk(02)
Mensaje D / 00:00:00:000 / pedestrianwalk(7,10,1)(304) / ... para pedestrianwalk(02)
Mensaje D / 00:00:00:000 / pedestrianwalk(7,11,0)(305) / ... para pedestrianwalk(02)
Mensaje D / 00:00:00:000 / pedestrianwalk(7,11,1)(306) / ... para pedestrianwalk(02)
Mensaje D / 00:00:00:000 / pedestrianwalk(7,12,0)(307) / ... para pedestrianwalk(02)
Mensaje D / 00:00:00:000 / pedestrianwalk(7,12,1)(308) / ... para pedestrianwalk(02)
Mensaje D / 00:00:00:000 / pedestrianwalk(7,13,0)(309) / ... para pedestrianwalk(02)
Mensaje D / 00:00:00:000 / pedestrianwalk(7,13,1)(310) / ... para pedestrianwalk(02)
Mensaje D / 00:00:00:000 / pedestrianwalk(7,14,0)(311) / ... para pedestrianwalk(02)
Mensaje D / 00:00:00:000 / pedestrianwalk(7,14,1)(312) / ... para pedestrianwalk(02)
Mensaje D / 00:00:00:000 / pedestrianwalk(7,15,0)(313) / ... para pedestrianwalk(02)
Mensaje D / 00:00:00:000 / pedestrianwalk(7,15,1)(314) / ... para pedestrianwalk(02)
Mensaje D / 00:00:00:000 / pedestrianwalk(7,16,0)(315) / ... para pedestrianwalk(02)
Mensaje D / 00:00:00:000 / pedestrianwalk(7,16,1)(316) / ... para pedestrianwalk(02)
Mensaje D / 00:00:00:000 / pedestrianwalk(7,17,0)(317) / ... para pedestrianwalk(02)
Mensaje D / 00:00:00:000 / pedestrianwalk(7,17,1)(318) / ... para pedestrianwalk(02)
Mensaje D / 00:00:00:000 / pedestrianwalk(7,18,0)(319) / ... para pedestrianwalk(02)
Mensaje D / 00:00:00:000 / pedestrianwalk(7,18,1)(320) / ... para pedestrianwalk(02)
Mensaje D / 00:00:00:000 / pedestrianwalk(7,19,0)(321) / ... para pedestrianwalk(02)
Mensaje D / 00:00:00:000 / pedestrianwalk(7,19,1)(322) / ... para pedestrianwalk(02)
Mensaje D / 00:00:00:000 / pedestrianwalk(02) / ... para top(01)
Mensaje D / 00:00:00:000 / top(01) / 00:00:00:000 para Root(00)
Mensaje * / 00:00:00:000 / Root(00) para top(01)
Mensaje * / 00:00:00:000 / top(01) para persongenleft1(323)
Mensaje Y / 00:00:00:000 / persongenleft1(323) / out /      0.00000 para top(01)
Mensaje D / 00:00:00:000 / persongenleft1(323) / 00:00:01:000 para top(01)
Mensaje X / 00:00:00:000 / top(01) / entrancebottomleft1 /      0.00000 para pedestrianwalk(02)
Mensaje X / 00:00:00:000 / top(01) / entrancetopleft1 /      0.00000 para pedestrianwalk(02)
Mensaje X / 00:00:00:000 / pedestrianwalk(02) / entrancebottomleft1 /      0.00000 para pedestrianwalk(1,0,0)(43)
Mensaje X / 00:00:00:000 / pedestrianwalk(02) / entrancetopleft1 /      0.00000 para pedestrianwalk(1,0,1)(44)
Mensaje D / 00:00:00:000 / pedestrianwalk(1,0,0)(43) / ... para pedestrianwalk(02)
Mensaje D / 00:00:00:000 / pedestrianwalk(1,0,1)(44) / ... para pedestrianwalk(02)
Mensaje D / 00:00:00:000 / pedestrianwalk(02) / ... para top(01)
